<?xml version="1.0" encoding="UTF-8"?>
<testng-results ignored="0" total="1" passed="1" failed="0" skipped="0">
  <reporter-output>
  </reporter-output>
  <suite started-at="2024-12-20T13:20:49 IST" name="Default suite" finished-at="2024-12-20T13:21:26 IST" duration-ms="37273">
    <groups>
    </groups>
    <test started-at="2024-12-20T13:20:49 IST" name="Default test" finished-at="2024-12-20T13:21:26 IST" duration-ms="37273">
      <class name="fleatflows.Login">
        <test-method is-config="true" signature="setup()[pri:0, instance:fleatflows.Login@534a5a98]" started-at="2024-12-20T13:20:49 IST" name="setup" finished-at="2024-12-20T13:20:59 IST" duration-ms="10252" status="PASS">
          <reporter-output>
          </reporter-output>
        </test-method> <!-- setup -->
        <test-method signature="bapLoginFlow()[pri:0, instance:fleatflows.Login@534a5a98]" started-at="2024-12-20T13:20:59 IST" name="bapLoginFlow" finished-at="2024-12-20T13:21:26 IST" duration-ms="26875" status="PASS">
          <reporter-output>
          </reporter-output>
        </test-method> <!-- bapLoginFlow -->
        <test-method is-config="true" signature="tearDown()[pri:0, instance:fleatflows.Login@534a5a98]" started-at="2024-12-20T13:21:26 IST" name="tearDown" finished-at="2024-12-20T13:21:26 IST" duration-ms="109" status="PASS">
          <reporter-output>
          </reporter-output>
        </test-method> <!-- tearDown -->
      </class> <!-- fleatflows.Login -->
    </test> <!-- Default test -->
  </suite> <!-- Default suite -->
</testng-results>
